<?xml version="1.0" encoding="UTF-8"?>
<testng-results ignored="4" total="6" passed="2" failed="0" skipped="0">
  <reporter-output>
  </reporter-output>
  <suite started-at="2024-10-04T15:07:49 IST" name="Suite" finished-at="2024-10-04T15:09:09 IST" duration-ms="80151">
    <groups>
      <group name="regressionTest">
        <method signature="CreateOrganizationTest.createOrganizationTest()[pri:0, instance:Organization.CreateOrganizationTest@c8c12ac]" name="createOrganizationTest" class="Organization.CreateOrganizationTest"/>
      </group> <!-- regressionTest -->
    </groups>
    <test started-at="2024-10-04T15:07:49 IST" name="Test" finished-at="2024-10-04T15:09:09 IST" duration-ms="80151">
      <class name="Campaign.createCampaignTest">
        <test-method is-config="true" signature="BS()[pri:0, instance:Campaign.createCampaignTest@131774fe]" started-at="2024-10-04T15:07:49 IST" name="BS" finished-at="2024-10-04T15:07:49 IST" duration-ms="17" status="PASS">
          <reporter-output>
          </reporter-output>
        </test-method> <!-- BS -->
        <test-method is-config="true" signature="BT()[pri:0, instance:Campaign.createCampaignTest@131774fe]" started-at="2024-10-04T15:07:49 IST" name="BT" finished-at="2024-10-04T15:07:49 IST" duration-ms="0" status="PASS">
          <reporter-output>
          </reporter-output>
        </test-method> <!-- BT -->
        <test-method is-config="true" signature="BC()[pri:0, instance:Campaign.createCampaignTest@131774fe]" started-at="2024-10-04T15:07:49 IST" name="BC" finished-at="2024-10-04T15:07:54 IST" duration-ms="4208" status="PASS">
          <reporter-output>
          </reporter-output>
        </test-method> <!-- BC -->
        <test-method is-config="true" signature="BM()[pri:0, instance:Campaign.createCampaignTest@131774fe]" started-at="2024-10-04T15:07:54 IST" name="BM" finished-at="2024-10-04T15:08:05 IST" duration-ms="11379" status="PASS">
          <reporter-output>
          </reporter-output>
        </test-method> <!-- BM -->
        <test-method signature="createCampaignTest()[pri:0, instance:Campaign.createCampaignTest@131774fe]" started-at="2024-10-04T15:08:05 IST" name="createCampaignTest" finished-at="2024-10-04T15:08:26 IST" duration-ms="21178" status="PASS">
          <reporter-output>
          </reporter-output>
        </test-method> <!-- createCampaignTest -->
        <test-method is-config="true" signature="AM()[pri:0, instance:Campaign.createCampaignTest@131774fe]" started-at="2024-10-04T15:08:26 IST" name="AM" finished-at="2024-10-04T15:08:29 IST" duration-ms="3296" status="PASS">
          <reporter-output>
          </reporter-output>
        </test-method> <!-- AM -->
        <test-method is-config="true" signature="AC()[pri:0, instance:Campaign.createCampaignTest@131774fe]" started-at="2024-10-04T15:08:29 IST" name="AC" finished-at="2024-10-04T15:08:30 IST" duration-ms="461" status="PASS">
          <reporter-output>
          </reporter-output>
        </test-method> <!-- AC -->
        <test-method is-config="true" signature="AT()[pri:0, instance:Campaign.createCampaignTest@131774fe]" started-at="2024-10-04T15:09:09 IST" name="AT" finished-at="2024-10-04T15:09:09 IST" duration-ms="1" status="PASS">
          <reporter-output>
          </reporter-output>
        </test-method> <!-- AT -->
        <test-method is-config="true" signature="AS()[pri:0, instance:Campaign.createCampaignTest@131774fe]" started-at="2024-10-04T15:09:10 IST" name="AS" finished-at="2024-10-04T15:09:10 IST" duration-ms="2" status="PASS">
          <reporter-output>
          </reporter-output>
        </test-method> <!-- AS -->
      </class> <!-- Campaign.createCampaignTest -->
      <class name="Organization.CreateOrganizationTest">
        <test-method is-config="true" signature="BC()[pri:0, instance:Organization.CreateOrganizationTest@c8c12ac]" started-at="2024-10-04T15:08:30 IST" name="BC" finished-at="2024-10-04T15:08:33 IST" duration-ms="2843" status="PASS">
          <reporter-output>
          </reporter-output>
        </test-method> <!-- BC -->
        <test-method is-config="true" signature="BM()[pri:0, instance:Organization.CreateOrganizationTest@c8c12ac]" started-at="2024-10-04T15:08:33 IST" name="BM" finished-at="2024-10-04T15:08:42 IST" duration-ms="8752" status="PASS">
          <reporter-output>
          </reporter-output>
        </test-method> <!-- BM -->
        <test-method signature="createOrganizationTest()[pri:0, instance:Organization.CreateOrganizationTest@c8c12ac]" started-at="2024-10-04T15:08:42 IST" name="createOrganizationTest" finished-at="2024-10-04T15:09:06 IST" duration-ms="24020" status="PASS">
          <reporter-output>
          </reporter-output>
        </test-method> <!-- createOrganizationTest -->
        <test-method is-config="true" signature="AM()[pri:0, instance:Organization.CreateOrganizationTest@c8c12ac]" started-at="2024-10-04T15:09:06 IST" name="AM" finished-at="2024-10-04T15:09:09 IST" duration-ms="3056" status="PASS">
          <reporter-output>
          </reporter-output>
        </test-method> <!-- AM -->
        <test-method is-config="true" signature="AC()[pri:0, instance:Organization.CreateOrganizationTest@c8c12ac]" started-at="2024-10-04T15:09:09 IST" name="AC" finished-at="2024-10-04T15:09:09 IST" duration-ms="397" status="PASS">
          <reporter-output>
          </reporter-output>
        </test-method> <!-- AC -->
      </class> <!-- Organization.CreateOrganizationTest -->
    </test> <!-- Test -->
  </suite> <!-- Suite -->
</testng-results>
