<?xml version="1.0" encoding="UTF-8"?>
<!-- Generated by org.testng.reporters.JUnitXMLReporter -->
<testsuite ignored="4" hostname="DESKTOP-LD6MKAK" failures="0" tests="2" name="Test" time="80.151" errors="0" timestamp="2024-10-04T15:09:10 IST">
  <testcase classname="Campaign.createCampaignTest" name="createCampaignTest" time="21.178"/>
  <testcase classname="Organization.CreateOrganizationTest" name="createOrganizationTest" time="24.02"/>
  <testcase classname="Generic_utility.BaseClass" name="@BeforeSuite BS" time="0.0">
    <ignored/>
  </testcase> <!-- @BeforeSuite BS -->
  <testcase classname="Generic_utility.BaseClass" name="@BeforeTest BT" time="0.0">
    <ignored/>
  </testcase> <!-- @BeforeTest BT -->
  <testcase classname="Generic_utility.BaseClass" name="@AfterSuite AS" time="0.0">
    <ignored/>
  </testcase> <!-- @AfterSuite AS -->
  <testcase classname="Generic_utility.BaseClass" name="@AfterTest AT" time="0.0">
    <ignored/>
  </testcase> <!-- @AfterTest AT -->
</testsuite> <!-- Test -->
